This is LuaTeX, Version 1.07.0 (MiKTeX 2.9.6600 64-bit)  (format=lualatex 2018.3.9)  11 JUN 2018 09:40
 restricted system commands enabled.
**node_ref.tex
(./node_ref.tex
LaTeX2e <2017-04-15>
Lua module: luaotfload-main 2017/01/29 2.80001 OpenType layout system.
Lua module: lualibs 2017-02-01 2.5 ConTeXt Lua standard libraries.
Lua module: lualibs-extended 2017-02-01 2.5 ConTeXt Lua libraries -- extended co
llection.(using cache: C:/Users/Cristian/AppData/Local/MiKTeX/2.9/luatex-cache/g
eneric)
luaotfload | conf : Root cache directory is C:/Users/Cristian/AppData/Local/MiKT
eX/2.9/luatex-cache/generic/names.
luaotfload | init : Loading fontloader “fontloader-2017-02-11.lua” from kpse
-resolved path “C:/Users/Cristian/AppData/Local/Programs/MiKTeX 2.9/tex/luatex
/luaotfload/fontloader-2017-02-11.lua”.
Lua-only attribute luaotfload@state = 1
Lua-only attribute luaotfload@noligature = 2
Lua-only attribute luaotfload@syllabe = 3
luaotfload | init : Context OpenType loader version “3.027”
Inserting `luaotfload.node_processor' at position 1 in `pre_linebreak_filter'.
Inserting `luaotfload.node_processor' at position 1 in `hpack_filter'.
Inserting `luaotfload.define_font' at position 1 in `define_font'.
Lua-only attribute luaotfload_color_attribute = 4
luaotfload | conf : Root cache directory is C:/Users/Cristian/AppData/Local/MiKT
eX/2.9/luatex-cache/generic/names.
Inserting `luaotfload.aux.set_sscale_dimens' at position 1 in `luaotfload.patch_
font'.
Inserting `luaotfload.aux.patch_cambria_domh' at position 2 in `luaotfload.patch
_font'.
Inserting `luaotfload.aux.fixup_fontdata' at position 1 in `luaotfload.patch_fon
t_unsafe'.
Inserting `luaotfload.aux.set_capheight' at position 3 in `luaotfload.patch_font
'.
Inserting `luaotfload.rewrite_fontname' at position 4 in `luaotfload.patch_font'
.
luaotfload | main : initialization completed in 2.910 seconds
Babel <3.17> and hyphenation patterns for 1 language(s) loaded.

("C:/Users/Cristian/AppData/Local/Programs/MiKTeX 2.9/tex/latex/standalone/stan
dalone.cls"
Document Class: standalone 2018/03/26 v1.3a Class to compile TeX sub-files stand
alone

("C:/Users/Cristian/AppData/Local/Programs/MiKTeX 2.9/tex/latex/tools/shellesc.
sty"
Package: shellesc 2016/06/07 v0.02a unified shell escape interface for LaTeX
Package shellesc Info: Restricted shell escape enabled on input line 69.
)
("C:/Users/Cristian/AppData/Local/Programs/MiKTeX 2.9/tex/generic/oberdiek/iflu
atex.sty"
Package: ifluatex 2016/05/16 v1.4 Provides the ifluatex switch (HO)
Package ifluatex Info: LuaTeX detected.
)
("C:/Users/Cristian/AppData/Local/Programs/MiKTeX 2.9/tex/generic/oberdiek/ifpd
f.sty"
Package: ifpdf 2017/03/15 v3.2 Provides the ifpdf switch
)
("C:/Users/Cristian/AppData/Local/Programs/MiKTeX 2.9/tex/generic/ifxetex/ifxet
ex.sty"
Package: ifxetex 2010/09/12 v0.6 Provides ifxetex conditional
)
("C:/Users/Cristian/AppData/Local/Programs/MiKTeX 2.9/tex/latex/xkeyval/xkeyval
.sty"
Package: xkeyval 2014/12/03 v2.7a package option processing (HA)

("C:/Users/Cristian/AppData/Local/Programs/MiKTeX 2.9/tex/generic/xkeyval/xkeyv
al.tex"
("C:/Users/Cristian/AppData/Local/Programs/MiKTeX 2.9/tex/generic/xkeyval/xkvut
ils.tex"
\XKV@toks=\toks14
\XKV@tempa@toks=\toks15

("C:/Users/Cristian/AppData/Local/Programs/MiKTeX 2.9/tex/generic/xkeyval/keyva
l.tex"))
\XKV@depth=\count79
File: xkeyval.tex 2014/12/03 v2.7a key=value parser (HA)
))
\sa@internal=\count80
\c@sapage=\count81

("C:/Users/Cristian/AppData/Local/Programs/MiKTeX 2.9/tex/latex/standalone/stan
dalone.cfg"
File: standalone.cfg 2018/03/26 v1.3a Default configuration file for 'standalone
' class
)
("C:/Users/Cristian/AppData/Local/Programs/MiKTeX 2.9/tex/latex/base/article.cl
s"
Document Class: article 2014/09/29 v1.4h Standard LaTeX document class
("C:/Users/Cristian/AppData/Local/Programs/MiKTeX 2.9/tex/latex/base/size10.clo
"
File: size10.clo 2014/09/29 v1.4h Standard LaTeX file (size option)
luaotfload | db : Font names database loaded from C:/Users/Cristian/AppData/Loca
l/MiKTeX/2.9/luatex-cache/generic/names/luaotfload-names.luc(load luc: C:/Users/
Cristian/AppData/Local/MiKTeX/2.9/luatex-cache/generic/fonts/otl/lmroman10-regul
ar.luc))
\c@part=\count82
\c@section=\count83
\c@subsection=\count84
\c@subsubsection=\count85
\c@paragraph=\count86
\c@subparagraph=\count87
\c@figure=\count88
\c@table=\count89
\abovecaptionskip=\skip41
\belowcaptionskip=\skip42
\bibindent=\dimen102
)
("C:/Users/Cristian/AppData/Local/Programs/MiKTeX 2.9/tex/generic/luatex85/luat
ex85.sty"
Package: luatex85 2016/06/15 v1.4 pdftex aliases for luatex
)
("C:/Users/Cristian/AppData/Local/Programs/MiKTeX 2.9/tex/generic/oberdiek/pdft
excmds.sty"
Package: pdftexcmds 2018/01/21 v0.26 Utility functions of pdfTeX for LuaTeX (HO)


("C:/Users/Cristian/AppData/Local/Programs/MiKTeX 2.9/tex/generic/oberdiek/infw
arerr.sty"
Package: infwarerr 2016/05/16 v1.4 Providing info/warning/error messages (HO)
)
("C:/Users/Cristian/AppData/Local/Programs/MiKTeX 2.9/tex/generic/oberdiek/ltxc
mds.sty"
Package: ltxcmds 2016/05/16 v1.23 LaTeX kernel commands for general use (HO)
)
Package pdftexcmds Info: \pdf@primitive is available.
Package pdftexcmds Info: \pdf@ifprimitive is available.
Package pdftexcmds Info: \pdfdraftmode found.
\pdftexcmds@toks=\toks16
)
\sa@box=\box26
)
("C:/Users/Cristian/AppData/Local/Programs/MiKTeX 2.9/tex/latex/pgfplots/pgfplo
ts.sty"
("C:/Users/Cristian/AppData/Local/Programs/MiKTeX 2.9/tex/generic/pgfplots/pgfp
lots.revision.tex")
Package: pgfplots 2018/03/28 v1.16 Data Visualization (1.16)

("C:/Users/Cristian/AppData/Local/Programs/MiKTeX 2.9/tex/latex/graphics/graphi
cx.sty"
Package: graphicx 2017/06/01 v1.1a Enhanced LaTeX Graphics (DPC,SPQR)

("C:/Users/Cristian/AppData/Local/Programs/MiKTeX 2.9/tex/latex/graphics/graphi
cs.sty"
Package: graphics 2017/06/25 v1.2c Standard LaTeX Graphics (DPC,SPQR)

("C:/Users/Cristian/AppData/Local/Programs/MiKTeX 2.9/tex/latex/graphics/trig.s
ty"
Package: trig 2016/01/03 v1.10 sin cos tan (DPC)
)
("C:/Users/Cristian/AppData/Local/Programs/MiKTeX 2.9/tex/latex/graphics-cfg/gr
aphics.cfg"
File: graphics.cfg 2016/06/04 v1.11 sample graphics configuration
)
Package graphics Info: Driver file: luatex.def on input line 99.

("C:/Users/Cristian/AppData/Local/Programs/MiKTeX 2.9/tex/latex/graphics-def/lu
atex.def"
File: luatex.def 2018/01/08 v1.0l Graphics/color driver for luatex
))
\Gin@req@height=\dimen103
\Gin@req@width=\dimen104
)
("C:/Users/Cristian/AppData/Local/Programs/MiKTeX 2.9/tex/latex/pgf/frontendlay
er/tikz.sty"
("C:/Users/Cristian/AppData/Local/Programs/MiKTeX 2.9/tex/latex/pgf/basiclayer/
pgf.sty"
("C:/Users/Cristian/AppData/Local/Programs/MiKTeX 2.9/tex/latex/pgf/utilities/p
gfrcs.sty"
("C:/Users/Cristian/AppData/Local/Programs/MiKTeX 2.9/tex/generic/pgf/utilities
/pgfutil-common.tex"
\pgfutil@everybye=\toks17
\pgfutil@tempdima=\dimen105
\pgfutil@tempdimb=\dimen106

("C:/Users/Cristian/AppData/Local/Programs/MiKTeX 2.9/tex/generic/pgf/utilities
/pgfutil-common-lists.tex"))
("C:/Users/Cristian/AppData/Local/Programs/MiKTeX 2.9/tex/generic/pgf/utilities
/pgfutil-latex.def"
\pgfutil@abb=\box27

("C:/Users/Cristian/AppData/Local/Programs/MiKTeX 2.9/tex/latex/ms/everyshi.sty
"
Package: everyshi 2001/05/15 v3.00 EveryShipout Package (MS)
))
("C:/Users/Cristian/AppData/Local/Programs/MiKTeX 2.9/tex/generic/pgf/utilities
/pgfrcs.code.tex"
Package: pgfrcs 2015/08/07 v3.0.1a (rcs-revision 1.31)
))
Package: pgf 2015/08/07 v3.0.1a (rcs-revision 1.15)

("C:/Users/Cristian/AppData/Local/Programs/MiKTeX 2.9/tex/latex/pgf/basiclayer/
pgfcore.sty"
("C:/Users/Cristian/AppData/Local/Programs/MiKTeX 2.9/tex/latex/pgf/systemlayer
/pgfsys.sty"
("C:/Users/Cristian/AppData/Local/Programs/MiKTeX 2.9/tex/generic/pgf/systemlay
er/pgfsys.code.tex"
Package: pgfsys 2014/07/09 v3.0.1a (rcs-revision 1.48)

("C:/Users/Cristian/AppData/Local/Programs/MiKTeX 2.9/tex/generic/pgf/utilities
/pgfkeys.code.tex"
\pgfkeys@pathtoks=\toks18
\pgfkeys@temptoks=\toks19

("C:/Users/Cristian/AppData/Local/Programs/MiKTeX 2.9/tex/generic/pgf/utilities
/pgfkeysfiltered.code.tex"
\pgfkeys@tmptoks=\toks20
))
\pgf@x=\dimen107
\pgf@y=\dimen108
\pgf@xa=\dimen109
\pgf@ya=\dimen110
\pgf@xb=\dimen111
\pgf@yb=\dimen112
\pgf@xc=\dimen113
\pgf@yc=\dimen114
\w@pgf@writea=\write3
\r@pgf@reada=\read1
\c@pgf@counta=\count90
\c@pgf@countb=\count91
\c@pgf@countc=\count92
\c@pgf@countd=\count93
\t@pgf@toka=\toks21
\t@pgf@tokb=\toks22
\t@pgf@tokc=\toks23

("C:/Users/Cristian/AppData/Local/Programs/MiKTeX 2.9/tex/generic/pgf/systemlay
er/pgf.cfg"
File: pgf.cfg 2008/05/14  (rcs-revision 1.7)
)
Driver file for pgf: pgfsys-luatex.def

("C:/Users/Cristian/AppData/Local/Programs/MiKTeX 2.9/tex/generic/pgf/systemlay
er/pgfsys-luatex.def"
File: pgfsys-luatex.def 2014/10/11  (rcs-revision 1.35)

("C:/Users/Cristian/AppData/Local/Programs/MiKTeX 2.9/tex/generic/pgf/systemlay
er/pgfsys-common-pdf.def"
File: pgfsys-common-pdf.def 2013/10/10  (rcs-revision 1.13)
)))
("C:/Users/Cristian/AppData/Local/Programs/MiKTeX 2.9/tex/generic/pgf/systemlay
er/pgfsyssoftpath.code.tex"
File: pgfsyssoftpath.code.tex 2013/09/09  (rcs-revision 1.9)
\pgfsyssoftpath@smallbuffer@items=\count94
\pgfsyssoftpath@bigbuffer@items=\count95
)
("C:/Users/Cristian/AppData/Local/Programs/MiKTeX 2.9/tex/generic/pgf/systemlay
er/pgfsysprotocol.code.tex"
File: pgfsysprotocol.code.tex 2006/10/16  (rcs-revision 1.4)
))
("C:/Users/Cristian/AppData/Local/Programs/MiKTeX 2.9/tex/latex/xcolor/xcolor.s
ty"
Package: xcolor 2016/05/11 v2.12 LaTeX color extensions (UK)

("C:/Users/Cristian/AppData/Local/Programs/MiKTeX 2.9/tex/latex/graphics-cfg/co
lor.cfg"
File: color.cfg 2016/01/02 v1.6 sample color configuration
)
Package xcolor Info: Driver file: luatex.def on input line 225.
Package xcolor Info: Model `cmy' substituted by `cmy0' on input line 1348.
Package xcolor Info: Model `hsb' substituted by `rgb' on input line 1352.
Package xcolor Info: Model `RGB' extended on input line 1364.
Package xcolor Info: Model `HTML' substituted by `rgb' on input line 1366.
Package xcolor Info: Model `Hsb' substituted by `hsb' on input line 1367.
Package xcolor Info: Model `tHsb' substituted by `hsb' on input line 1368.
Package xcolor Info: Model `HSB' substituted by `hsb' on input line 1369.
Package xcolor Info: Model `Gray' substituted by `gray' on input line 1370.
Package xcolor Info: Model `wave' substituted by `hsb' on input line 1371.
)
("C:/Users/Cristian/AppData/Local/Programs/MiKTeX 2.9/tex/generic/pgf/basiclaye
r/pgfcore.code.tex"
Package: pgfcore 2010/04/11 v3.0.1a (rcs-revision 1.7)

("C:/Users/Cristian/AppData/Local/Programs/MiKTeX 2.9/tex/generic/pgf/math/pgfm
ath.code.tex"
("C:/Users/Cristian/AppData/Local/Programs/MiKTeX 2.9/tex/generic/pgf/math/pgfm
athcalc.code.tex"
("C:/Users/Cristian/AppData/Local/Programs/MiKTeX 2.9/tex/generic/pgf/math/pgfm
athutil.code.tex")
("C:/Users/Cristian/AppData/Local/Programs/MiKTeX 2.9/tex/generic/pgf/math/pgfm
athparser.code.tex"
\pgfmath@dimen=\dimen115
\pgfmath@count=\count96
\pgfmath@box=\box28
\pgfmath@toks=\toks24
\pgfmath@stack@operand=\toks25
\pgfmath@stack@operation=\toks26
)
("C:/Users/Cristian/AppData/Local/Programs/MiKTeX 2.9/tex/generic/pgf/math/pgfm
athfunctions.code.tex"
("C:/Users/Cristian/AppData/Local/Programs/MiKTeX 2.9/tex/generic/pgf/math/pgfm
athfunctions.basic.code.tex")
("C:/Users/Cristian/AppData/Local/Programs/MiKTeX 2.9/tex/generic/pgf/math/pgfm
athfunctions.trigonometric.code.tex")
("C:/Users/Cristian/AppData/Local/Programs/MiKTeX 2.9/tex/generic/pgf/math/pgfm
athfunctions.random.code.tex")
("C:/Users/Cristian/AppData/Local/Programs/MiKTeX 2.9/tex/generic/pgf/math/pgfm
athfunctions.comparison.code.tex")
("C:/Users/Cristian/AppData/Local/Programs/MiKTeX 2.9/tex/generic/pgf/math/pgfm
athfunctions.base.code.tex")
("C:/Users/Cristian/AppData/Local/Programs/MiKTeX 2.9/tex/generic/pgf/math/pgfm
athfunctions.round.code.tex")
("C:/Users/Cristian/AppData/Local/Programs/MiKTeX 2.9/tex/generic/pgf/math/pgfm
athfunctions.misc.code.tex")
("C:/Users/Cristian/AppData/Local/Programs/MiKTeX 2.9/tex/generic/pgf/math/pgfm
athfunctions.integerarithmetics.code.tex")))
("C:/Users/Cristian/AppData/Local/Programs/MiKTeX 2.9/tex/generic/pgf/math/pgfm
athfloat.code.tex"
\c@pgfmathroundto@lastzeros=\count97
))
("C:/Users/Cristian/AppData/Local/Programs/MiKTeX 2.9/tex/generic/pgf/basiclaye
r/pgfcorepoints.code.tex"
File: pgfcorepoints.code.tex 2013/10/07  (rcs-revision 1.27)
\pgf@picminx=\dimen116
\pgf@picmaxx=\dimen117
\pgf@picminy=\dimen118
\pgf@picmaxy=\dimen119
\pgf@pathminx=\dimen120
\pgf@pathmaxx=\dimen121
\pgf@pathminy=\dimen122
\pgf@pathmaxy=\dimen123
\pgf@xx=\dimen124
\pgf@xy=\dimen125
\pgf@yx=\dimen126
\pgf@yy=\dimen127
\pgf@zx=\dimen128
\pgf@zy=\dimen129
)
("C:/Users/Cristian/AppData/Local/Programs/MiKTeX 2.9/tex/generic/pgf/basiclaye
r/pgfcorepathconstruct.code.tex"
File: pgfcorepathconstruct.code.tex 2013/10/07  (rcs-revision 1.29)
\pgf@path@lastx=\dimen130
\pgf@path@lasty=\dimen131
)
("C:/Users/Cristian/AppData/Local/Programs/MiKTeX 2.9/tex/generic/pgf/basiclaye
r/pgfcorepathusage.code.tex"
File: pgfcorepathusage.code.tex 2014/11/02  (rcs-revision 1.24)
\pgf@shorten@end@additional=\dimen132
\pgf@shorten@start@additional=\dimen133
)
("C:/Users/Cristian/AppData/Local/Programs/MiKTeX 2.9/tex/generic/pgf/basiclaye
r/pgfcorescopes.code.tex"
File: pgfcorescopes.code.tex 2015/05/08  (rcs-revision 1.46)
\pgfpic=\box29
\pgf@hbox=\box30
\pgf@layerbox@main=\box31
\pgf@picture@serial@count=\count98
)
("C:/Users/Cristian/AppData/Local/Programs/MiKTeX 2.9/tex/generic/pgf/basiclaye
r/pgfcoregraphicstate.code.tex"
File: pgfcoregraphicstate.code.tex 2014/11/02  (rcs-revision 1.12)
\pgflinewidth=\dimen134
)
("C:/Users/Cristian/AppData/Local/Programs/MiKTeX 2.9/tex/generic/pgf/basiclaye
r/pgfcoretransformations.code.tex"
File: pgfcoretransformations.code.tex 2015/08/07  (rcs-revision 1.20)
\pgf@pt@x=\dimen135
\pgf@pt@y=\dimen136
\pgf@pt@temp=\dimen137
)
("C:/Users/Cristian/AppData/Local/Programs/MiKTeX 2.9/tex/generic/pgf/basiclaye
r/pgfcorequick.code.tex"
File: pgfcorequick.code.tex 2008/10/09  (rcs-revision 1.3)
)
("C:/Users/Cristian/AppData/Local/Programs/MiKTeX 2.9/tex/generic/pgf/basiclaye
r/pgfcoreobjects.code.tex"
File: pgfcoreobjects.code.tex 2006/10/11  (rcs-revision 1.2)
)
("C:/Users/Cristian/AppData/Local/Programs/MiKTeX 2.9/tex/generic/pgf/basiclaye
r/pgfcorepathprocessing.code.tex"
File: pgfcorepathprocessing.code.tex 2013/09/09  (rcs-revision 1.9)
)
("C:/Users/Cristian/AppData/Local/Programs/MiKTeX 2.9/tex/generic/pgf/basiclaye
r/pgfcorearrows.code.tex"
File: pgfcorearrows.code.tex 2015/05/14  (rcs-revision 1.43)
\pgfarrowsep=\dimen138
)
("C:/Users/Cristian/AppData/Local/Programs/MiKTeX 2.9/tex/generic/pgf/basiclaye
r/pgfcoreshade.code.tex"
File: pgfcoreshade.code.tex 2013/07/15  (rcs-revision 1.15)
\pgf@max=\dimen139
\pgf@sys@shading@range@num=\count99
)
("C:/Users/Cristian/AppData/Local/Programs/MiKTeX 2.9/tex/generic/pgf/basiclaye
r/pgfcoreimage.code.tex"
File: pgfcoreimage.code.tex 2013/07/15  (rcs-revision 1.18)

("C:/Users/Cristian/AppData/Local/Programs/MiKTeX 2.9/tex/generic/pgf/basiclaye
r/pgfcoreexternal.code.tex"
File: pgfcoreexternal.code.tex 2014/07/09  (rcs-revision 1.21)
\pgfexternal@startupbox=\box32
))
("C:/Users/Cristian/AppData/Local/Programs/MiKTeX 2.9/tex/generic/pgf/basiclaye
r/pgfcorelayers.code.tex"
File: pgfcorelayers.code.tex 2013/07/18  (rcs-revision 1.7)
)
("C:/Users/Cristian/AppData/Local/Programs/MiKTeX 2.9/tex/generic/pgf/basiclaye
r/pgfcoretransparency.code.tex"
File: pgfcoretransparency.code.tex 2013/09/30  (rcs-revision 1.5)
)
("C:/Users/Cristian/AppData/Local/Programs/MiKTeX 2.9/tex/generic/pgf/basiclaye
r/pgfcorepatterns.code.tex"
File: pgfcorepatterns.code.tex 2013/11/07  (rcs-revision 1.5)
)))
("C:/Users/Cristian/AppData/Local/Programs/MiKTeX 2.9/tex/generic/pgf/modules/p
gfmoduleshapes.code.tex"
File: pgfmoduleshapes.code.tex 2014/03/21  (rcs-revision 1.35)
\pgfnodeparttextbox=\box33
)
("C:/Users/Cristian/AppData/Local/Programs/MiKTeX 2.9/tex/generic/pgf/modules/p
gfmoduleplot.code.tex"
File: pgfmoduleplot.code.tex 2015/08/03  (rcs-revision 1.13)
)
("C:/Users/Cristian/AppData/Local/Programs/MiKTeX 2.9/tex/latex/pgf/compatibili
ty/pgfcomp-version-0-65.sty"
Package: pgfcomp-version-0-65 2007/07/03 v3.0.1a (rcs-revision 1.7)
\pgf@nodesepstart=\dimen140
\pgf@nodesepend=\dimen141
)
("C:/Users/Cristian/AppData/Local/Programs/MiKTeX 2.9/tex/latex/pgf/compatibili
ty/pgfcomp-version-1-18.sty"
Package: pgfcomp-version-1-18 2007/07/23 v3.0.1a (rcs-revision 1.1)
))
("C:/Users/Cristian/AppData/Local/Programs/MiKTeX 2.9/tex/latex/pgf/utilities/p
gffor.sty"
("C:/Users/Cristian/AppData/Local/Programs/MiKTeX 2.9/tex/latex/pgf/utilities/p
gfkeys.sty"
("C:/Users/Cristian/AppData/Local/Programs/MiKTeX 2.9/tex/generic/pgf/utilities
/pgfkeys.code.tex"))
("C:/Users/Cristian/AppData/Local/Programs/MiKTeX 2.9/tex/latex/pgf/math/pgfmat
h.sty"
("C:/Users/Cristian/AppData/Local/Programs/MiKTeX 2.9/tex/generic/pgf/math/pgfm
ath.code.tex"))
("C:/Users/Cristian/AppData/Local/Programs/MiKTeX 2.9/tex/generic/pgf/utilities
/pgffor.code.tex"
Package: pgffor 2013/12/13 v3.0.1a (rcs-revision 1.25)

("C:/Users/Cristian/AppData/Local/Programs/MiKTeX 2.9/tex/generic/pgf/math/pgfm
ath.code.tex")
\pgffor@iter=\dimen142
\pgffor@skip=\dimen143
\pgffor@stack=\toks27
\pgffor@toks=\toks28
))
("C:/Users/Cristian/AppData/Local/Programs/MiKTeX 2.9/tex/generic/pgf/frontendl
ayer/tikz/tikz.code.tex"
Package: tikz 2015/08/07 v3.0.1a (rcs-revision 1.151)

("C:/Users/Cristian/AppData/Local/Programs/MiKTeX 2.9/tex/generic/pgf/libraries
/pgflibraryplothandlers.code.tex"
File: pgflibraryplothandlers.code.tex 2013/08/31 v3.0.1a (rcs-revision 1.20)
\pgf@plot@mark@count=\count100
\pgfplotmarksize=\dimen144
)
\tikz@lastx=\dimen145
\tikz@lasty=\dimen146
\tikz@lastxsaved=\dimen147
\tikz@lastysaved=\dimen148
\tikzleveldistance=\dimen149
\tikzsiblingdistance=\dimen150
\tikz@figbox=\box34
\tikz@figbox@bg=\box35
\tikz@tempbox=\box36
\tikz@tempbox@bg=\box37
\tikztreelevel=\count101
\tikznumberofchildren=\count102
\tikznumberofcurrentchild=\count103
\tikz@fig@count=\count104

("C:/Users/Cristian/AppData/Local/Programs/MiKTeX 2.9/tex/generic/pgf/modules/p
gfmodulematrix.code.tex"
File: pgfmodulematrix.code.tex 2013/09/17  (rcs-revision 1.8)
\pgfmatrixcurrentrow=\count105
\pgfmatrixcurrentcolumn=\count106
\pgf@matrix@numberofcolumns=\count107
)
\tikz@expandcount=\count108

("C:/Users/Cristian/AppData/Local/Programs/MiKTeX 2.9/tex/generic/pgf/frontendl
ayer/tikz/libraries/tikzlibrarytopaths.code.tex"
File: tikzlibrarytopaths.code.tex 2008/06/17 v3.0.1a (rcs-revision 1.2)
)))
("C:/Users/Cristian/AppData/Local/Programs/MiKTeX 2.9/tex/generic/pgfplots/pgfp
lots.code.tex"
("C:/Users/Cristian/AppData/Local/Programs/MiKTeX 2.9/tex/generic/pgfplots/pgfp
lotscore.code.tex"
Package pgfplots info on input line 124: Initializing with LUA version Lua 5.2
\pgfplots@luabackend@table=\catcodetable5
\t@pgfplots@toka=\toks29
\t@pgfplots@tokb=\toks30
\t@pgfplots@tokc=\toks31
\pgfplots@tmpa=\dimen151
\c@pgfplots@coordindex=\count109
\c@pgfplots@scanlineindex=\count110

("C:/Users/Cristian/AppData/Local/Programs/MiKTeX 2.9/tex/generic/pgfplots/sys/
pgfplotssysgeneric.code.tex"))
("C:/Users/Cristian/AppData/Local/Programs/MiKTeX 2.9/tex/generic/pgfplots/libs
/pgfplotslibrary.code.tex")
("C:/Users/Cristian/AppData/Local/Programs/MiKTeX 2.9/tex/generic/pgfplots/oldp
gfcompatib/pgfplotsoldpgfsupp_loader.code.tex"
("C:/Users/Cristian/AppData/Local/Programs/MiKTeX 2.9/tex/generic/pgf/libraries
/pgflibraryfpu.code.tex")
Package pgfplots: loading complementary arithmetics for your pgf version...

("C:/Users/Cristian/AppData/Local/Programs/MiKTeX 2.9/tex/generic/pgfplots/oldp
gfcompatib/pgfplotsoldpgfsupp_pgflibraryfpu.code.tex")
("C:/Users/Cristian/AppData/Local/Programs/MiKTeX 2.9/tex/generic/pgfplots/oldp
gfcompatib/pgfplotsoldpgfsupp_pgfmathfloat.code.tex"
\c@pgfmathroundto@lastzeros=\count111
)
("C:/Users/Cristian/AppData/Local/Programs/MiKTeX 2.9/tex/generic/pgf/libraries
/luamath/pgflibraryluamath.code.tex")
("C:/Users/Cristian/AppData/Local/Programs/MiKTeX 2.9/tex/generic/pgfplots/oldp
gfcompatib/pgfplotsoldpgfsupp_pgflibraryluamath.code.tex")
Package pgfplots info on input line 273: luamath library shipped with pgf 3.0.1a
 is outdated; using a substitute shipped with pgfplots

("C:/Users/Cristian/AppData/Local/Programs/MiKTeX 2.9/tex/generic/pgfplots/oldp
gfcompatib/pgfplotsoldpgfsupp_leq.code.tex"))
("C:/Users/Cristian/AppData/Local/Programs/MiKTeX 2.9/tex/generic/pgfplots/util
/pgfplotsutil.code.tex"
Package pgfplots info on input line 82: Found new luatex: initializing lua comma
nds instead of write18 (shell-escape)

("C:/Users/Cristian/AppData/Local/Programs/MiKTeX 2.9/tex/generic/pgfplots/list
structure/pgfplotsliststructure.code.tex")
("C:/Users/Cristian/AppData/Local/Programs/MiKTeX 2.9/tex/generic/pgfplots/list
structure/pgfplotsliststructureext.code.tex")
("C:/Users/Cristian/AppData/Local/Programs/MiKTeX 2.9/tex/generic/pgfplots/list
structure/pgfplotsarray.code.tex"
\c@pgfplotsarray@tmp=\count112
)
("C:/Users/Cristian/AppData/Local/Programs/MiKTeX 2.9/tex/generic/pgfplots/list
structure/pgfplotsmatrix.code.tex")
("C:/Users/Cristian/AppData/Local/Programs/MiKTeX 2.9/tex/generic/pgfplots/numt
able/pgfplotstableshared.code.tex"
\c@pgfplotstable@counta=\count113
\t@pgfplotstable@a=\toks32
)
("C:/Users/Cristian/AppData/Local/Programs/MiKTeX 2.9/tex/generic/pgfplots/list
structure/pgfplotsdeque.code.tex")
("C:/Users/Cristian/AppData/Local/Programs/MiKTeX 2.9/tex/generic/pgfplots/util
/pgfplotsbinary.code.tex"
("C:/Users/Cristian/AppData/Local/Programs/MiKTeX 2.9/tex/generic/pgfplots/util
/pgfplotsbinary.data.code.tex"))
("C:/Users/Cristian/AppData/Local/Programs/MiKTeX 2.9/tex/generic/pgfplots/util
/pgfplotsutil.verb.code.tex")
("C:/Users/Cristian/AppData/Local/Programs/MiKTeX 2.9/tex/generic/pgfplots/libs
/pgflibrarypgfplots.surfshading.code.tex"
\c@pgfplotslibrarysurf@no=\count114

("C:/Users/Cristian/AppData/Local/Programs/MiKTeX 2.9/tex/generic/pgfplots/sys/
pgflibrarypgfplots.surfshading.pgfsys-luatex.def")))
("C:/Users/Cristian/AppData/Local/Programs/MiKTeX 2.9/tex/generic/pgfplots/util
/pgfplotscolormap.code.tex"
("C:/Users/Cristian/AppData/Local/Programs/MiKTeX 2.9/tex/generic/pgfplots/util
/pgfplotscolor.code.tex"))
("C:/Users/Cristian/AppData/Local/Programs/MiKTeX 2.9/tex/generic/pgfplots/pgfp
lotsstackedplots.code.tex")
("C:/Users/Cristian/AppData/Local/Programs/MiKTeX 2.9/tex/generic/pgfplots/pgfp
lotsplothandlers.code.tex"
("C:/Users/Cristian/AppData/Local/Programs/MiKTeX 2.9/tex/generic/pgfplots/pgfp
lotsmeshplothandler.code.tex"
("C:/Users/Cristian/AppData/Local/Programs/MiKTeX 2.9/tex/generic/pgfplots/pgfp
lotsmeshplotimage.code.tex")))
("C:/Users/Cristian/AppData/Local/Programs/MiKTeX 2.9/tex/generic/pgfplots/pgfp
lots.scaling.code.tex")
("C:/Users/Cristian/AppData/Local/Programs/MiKTeX 2.9/tex/generic/pgfplots/pgfp
lotscoordprocessing.code.tex")
("C:/Users/Cristian/AppData/Local/Programs/MiKTeX 2.9/tex/generic/pgfplots/pgfp
lots.errorbars.code.tex")
("C:/Users/Cristian/AppData/Local/Programs/MiKTeX 2.9/tex/generic/pgfplots/pgfp
lots.markers.code.tex")
("C:/Users/Cristian/AppData/Local/Programs/MiKTeX 2.9/tex/generic/pgfplots/pgfp
lotsticks.code.tex")
("C:/Users/Cristian/AppData/Local/Programs/MiKTeX 2.9/tex/generic/pgfplots/pgfp
lots.paths.code.tex")
("C:/Users/Cristian/AppData/Local/Programs/MiKTeX 2.9/tex/generic/pgf/frontendl
ayer/tikz/libraries/tikzlibrarydecorations.code.tex"
("C:/Users/Cristian/AppData/Local/Programs/MiKTeX 2.9/tex/generic/pgf/modules/p
gfmoduledecorations.code.tex"
\pgfdecoratedcompleteddistance=\dimen152
\pgfdecoratedremainingdistance=\dimen153
\pgfdecoratedinputsegmentcompleteddistance=\dimen154
\pgfdecoratedinputsegmentremainingdistance=\dimen155
\pgf@decorate@distancetomove=\dimen156
\pgf@decorate@repeatstate=\count115
\pgfdecorationsegmentamplitude=\dimen157
\pgfdecorationsegmentlength=\dimen158
)
\tikz@lib@dec@box=\box38
)
("C:/Users/Cristian/AppData/Local/Programs/MiKTeX 2.9/tex/generic/pgf/frontendl
ayer/tikz/libraries/tikzlibrarydecorations.pathmorphing.code.tex"
("C:/Users/Cristian/AppData/Local/Programs/MiKTeX 2.9/tex/generic/pgf/libraries
/decorations/pgflibrarydecorations.pathmorphing.code.tex"))
("C:/Users/Cristian/AppData/Local/Programs/MiKTeX 2.9/tex/generic/pgf/frontendl
ayer/tikz/libraries/tikzlibrarydecorations.pathreplacing.code.tex"
("C:/Users/Cristian/AppData/Local/Programs/MiKTeX 2.9/tex/generic/pgf/libraries
/decorations/pgflibrarydecorations.pathreplacing.code.tex"))
\pgfplots@numplots=\count116
\pgfplots@xmin@reg=\dimen159
\pgfplots@xmax@reg=\dimen160
\pgfplots@ymin@reg=\dimen161
\pgfplots@ymax@reg=\dimen162
\pgfplots@zmin@reg=\dimen163
\pgfplots@zmax@reg=\dimen164
)
("C:/Users/Cristian/AppData/Local/Programs/MiKTeX 2.9/tex/generic/pgf/frontendl
ayer/tikz/libraries/tikzlibraryplotmarks.code.tex"
File: tikzlibraryplotmarks.code.tex 2008/01/09 v3.0.1a (rcs-revision 1.1)

("C:/Users/Cristian/AppData/Local/Programs/MiKTeX 2.9/tex/generic/pgf/libraries
/pgflibraryplotmarks.code.tex"
File: pgflibraryplotmarks.code.tex 2015/08/03 v3.0.1a (rcs-revision 1.14)
)))
("C:/Users/Cristian/AppData/Local/Programs/MiKTeX 2.9/tex/generic/pgf/libraries
/pgflibraryarrows.meta.code.tex"
File: pgflibraryarrows.meta.code.tex 2015/05/13 v3.0.1a (rcs-revision 1.13)
\pgfarrowinset=\dimen165
\pgfarrowlength=\dimen166
\pgfarrowwidth=\dimen167
\pgfarrowlinewidth=\dimen168
)
("C:/Users/Cristian/AppData/Local/Programs/MiKTeX 2.9/tex/generic/pgfplots/libs
/tikzlibrarypgfplots.patchplots.code.tex")
("C:/Users/Cristian/AppData/Local/Programs/MiKTeX 2.9/tex/latex/oberdiek/grffil
e.sty"
Package: grffile 2017/06/30 v1.18 Extended file name support for graphics (HO)

("C:/Users/Cristian/AppData/Local/Programs/MiKTeX 2.9/tex/latex/oberdiek/kvopti
ons.sty"
Package: kvoptions 2016/05/16 v3.12 Key value format for package options (HO)

("C:/Users/Cristian/AppData/Local/Programs/MiKTeX 2.9/tex/generic/oberdiek/kvse
tkeys.sty"
Package: kvsetkeys 2016/05/16 v1.17 Key value parser (HO)

("C:/Users/Cristian/AppData/Local/Programs/MiKTeX 2.9/tex/generic/oberdiek/etex
cmds.sty"
Package: etexcmds 2016/05/16 v1.6 Avoid name clashes with e-TeX commands (HO)
)))
Package grffile Info: Option `multidot' is set to `true'.
Package grffile Info: Option `extendedchars' is set to `false'.
Package grffile Info: Option `space' is set to `true'.
Package grffile Info: \Gin@ii of package `graphicx' fixed on input line 494.
)
("C:/Users/Cristian/AppData/Local/Programs/MiKTeX 2.9/tex/latex/amsmath/amsmath
.sty"
Package: amsmath 2017/09/02 v2.17a AMS math features
\@mathmargin=\skip43

For additional information on amsmath, use the `?' option.

("C:/Users/Cristian/AppData/Local/Programs/MiKTeX 2.9/tex/latex/amsmath/amstext
.sty"
Package: amstext 2000/06/29 v2.01 AMS text

("C:/Users/Cristian/AppData/Local/Programs/MiKTeX 2.9/tex/latex/amsmath/amsgen.
sty"
File: amsgen.sty 1999/11/30 v2.0 generic functions
\@emptytoks=\toks33
\ex@=\dimen169
))
("C:/Users/Cristian/AppData/Local/Programs/MiKTeX 2.9/tex/latex/amsmath/amsbsy.
sty"
Package: amsbsy 1999/11/29 v1.2d Bold Symbols
\pmbraise@=\dimen170
)
("C:/Users/Cristian/AppData/Local/Programs/MiKTeX 2.9/tex/latex/amsmath/amsopn.
sty"
Package: amsopn 2016/03/08 v2.02 operator names
)
\inf@bad=\count117
LaTeX Info: Redefining \frac on input line 213.
\uproot@=\count118
\leftroot@=\count119
LaTeX Info: Redefining \overline on input line 375.
\classnum@=\count120
\DOTSCASE@=\count121
LaTeX Info: Redefining \ldots on input line 472.
LaTeX Info: Redefining \dots on input line 475.
LaTeX Info: Redefining \cdots on input line 596.
\Mathstrutbox@=\box39
\strutbox@=\box40
\big@size=\dimen171
LaTeX Font Info:    Redeclaring font encoding OML on input line 712.
LaTeX Font Info:    Redeclaring font encoding OMS on input line 713.
\macc@depth=\count122
\c@MaxMatrixCols=\count123
\dotsspace@=\muskip10
\c@parentequation=\count124
\dspbrk@lvl=\count125
\tag@help=\toks34
\row@=\count126
\column@=\count127
\maxfields@=\count128
\andhelp@=\toks35
\eqnshift@=\dimen172
\alignsep@=\dimen173
\tagshift@=\dimen174
\tagwidth@=\dimen175
\totwidth@=\dimen176
\lineht@=\dimen177
\@envbody=\toks36
\multlinegap=\skip44
\multlinetaggap=\skip45
\mathdisplay@stack=\toks37
LaTeX Info: Redefining \[ on input line 2817.
LaTeX Info: Redefining \] on input line 2818.
) (./node_ref.aux)
\openout1 = node_ref.aux

LaTeX Font Info:    Checking defaults for OML/cmm/m/it on input line 24.
LaTeX Font Info:    ... okay on input line 24.
LaTeX Font Info:    Checking defaults for T1/cmr/m/n on input line 24.
LaTeX Font Info:    ... okay on input line 24.
LaTeX Font Info:    Checking defaults for OT1/cmr/m/n on input line 24.
LaTeX Font Info:    ... okay on input line 24.
LaTeX Font Info:    Checking defaults for OMS/cmsy/m/n on input line 24.
LaTeX Font Info:    ... okay on input line 24.
LaTeX Font Info:    Checking defaults for TU/lmr/m/n on input line 24.
LaTeX Font Info:    ... okay on input line 24.
LaTeX Font Info:    Checking defaults for OMX/cmex/m/n on input line 24.
LaTeX Font Info:    ... okay on input line 24.
LaTeX Font Info:    Checking defaults for U/cmr/m/n on input line 24.
LaTeX Font Info:    ... okay on input line 24.

("C:/Users/Cristian/AppData/Local/Programs/MiKTeX 2.9/tex/context/base/supp-pdf
.mkii"
[Loading MPS to PDF converter (version 2006.09.02).]
\scratchcounter=\count129
\scratchdimen=\dimen178
\scratchbox=\box41
\nofMPsegments=\count130
\nofMParguments=\count131
\everyMPshowfont=\toks38
\MPscratchCnt=\count132
\MPscratchDim=\dimen179
\MPnumerator=\count133
\makeMPintoPDFobject=\count134
\everyMPtoPDFconversion=\toks39
)
("C:/Users/Cristian/AppData/Local/Programs/MiKTeX 2.9/tex/latex/oberdiek/epstop
df-base.sty"
Package: epstopdf-base 2016/05/15 v2.6 Base part for package epstopdf

("C:/Users/Cristian/AppData/Local/Programs/MiKTeX 2.9/tex/latex/oberdiek/grfext
.sty"
Package: grfext 2016/05/16 v1.2 Manage graphics extensions (HO)

("C:/Users/Cristian/AppData/Local/Programs/MiKTeX 2.9/tex/generic/oberdiek/kvde
finekeys.sty"
Package: kvdefinekeys 2016/05/16 v1.4 Define keys (HO)
))
Package epstopdf-base Info: Redefining graphics rule for `.eps' on input line 43
8.
Package grfext Info: Graphics extension search list:
(grfext)             [.pdf,.png,.jpg,.mps,.jpeg,.jbig2,.jb2,.PDF,.PNG,.JPG,.JPEG
,.JBIG2,.JB2,.eps]
(grfext)             \AppendGraphicsExtensions on input line 456.
) ABD: EveryShipout initializing macros
Package pgfplots notification 'compat/show suggested version=true': document has
 been generated with the most recent feature set (\pgfplotsset{compat=1.16}).

(load luc: C:/Users/Cristian/AppData/Local/MiKTeX/2.9/luatex-cache/generic/fonts
/otl/lmroman10-bold.luc) [1

{C:/Users/Cristian/AppData/Local/MiKTeX/2.9/pdftex/config/pdftex.map}] (./node_
ref.aux))

Here is how much of LuaTeX's memory you used:
 24367 strings out of 494445
 100000,953878 words of node,token memory allocated
 56577 words of node memory still in use:
   688 hlist, 3 vlist, 2 rule, 5 disc, 72 math, 1439 glue, 2 kern, 297 glyph, 57
69 attribute, 48 glue_spec, 5769 attribute_list, 1 write, 4732 pdf_literal, 10 p
df_colorstack nodes
   avail lists: 2:25,3:4734,4:15,5:27,6:1,7:1819,8:3,9:692,11:5
 27696 multiletter control sequences out of 65536+200000
 28 fonts using 1600415 bytes
 78i,18n,136p,732b,2071s stack positions out of 5000i,500n,10000p,200000b,50000s
<c:/users/cristian/appdata/local/programs/miktex 2.9/fonts/opentype/public/lm/lm
roman10-bold.otf><c:/users/cristian/appdata/local/programs/miktex 2.9/fonts/open
type/public/lm/lmroman10-regular.otf><C:/Users/Cristian/AppData/Local/Programs/M
iKTeX 2.9/fonts/type1/public/amsfonts/cm/cmmi10.pfb><C:/Users/Cristian/AppData/L
ocal/Programs/MiKTeX 2.9/fonts/type1/public/amsfonts/cm/cmr10.pfb>
Output written on node_ref.pdf (1 page, 45990 bytes).

PDF statistics: 31 PDF objects out of 1000 (max. 8388607)
 0 named destinations out of 1000 (max. 131072)
 16 words of extra memory for PDF output out of 10000 (max. 100000000)

